Flow report for CE381HW
<<<<<<< HEAD
<<<<<<< HEAD
Mon Oct 07 15:23:55 2013
=======
Sun Oct 06 20:17:16 2013
>>>>>>> b1da12a3a7b191c092898b0f63d5407f6491702f
=======
Tue Oct 08 12:51:04 2013
>>>>>>> origin/health
Quartus II 32-bit Version 12.0 Build 263 08/02/2012 Service Pack 2 SJ Web Edition


---------------------
; Table of Contents ;
---------------------
  1. Legal Notice
  2. Flow Summary
  3. Flow Settings
  4. Flow Non-Default Global Settings
  5. Flow Elapsed Time
  6. Flow OS Summary
  7. Flow Log



----------------
; Legal Notice ;
----------------
Copyright (C) 1991-2012 Altera Corporation
Your use of Altera Corporation's design tools, logic functions 
and other software and tools, and its AMPP partner logic 
functions, and any output files from any of the foregoing 
(including device programming or simulation files), and any 
associated documentation or information are expressly subject 
to the terms and conditions of the Altera Program License 
Subscription Agreement, Altera MegaCore Function License 
Agreement, or other applicable license agreement, including, 
without limitation, that your use is for the sole purpose of 
programming logic devices manufactured by Altera and sold by 
Altera or its authorized distributors.  Please refer to the 
applicable agreement for further details.



+------------------------------------------------------------------------------------+
; Flow Summary                                                                       ;
+------------------------------------+-----------------------------------------------+
<<<<<<< HEAD
<<<<<<< HEAD
; Flow Status                        ; Successful - Mon Oct 07 15:23:53 2013         ;
=======
; Flow Status                        ; Successful - Sun Oct 06 20:17:15 2013         ;
>>>>>>> b1da12a3a7b191c092898b0f63d5407f6491702f
=======
; Flow Status                        ; Successful - Tue Oct 08 12:51:02 2013         ;
>>>>>>> origin/health
; Quartus II 32-bit Version          ; 12.0 Build 263 08/02/2012 SP 2 SJ Web Edition ;
; Revision Name                      ; CE381HW                                       ;
; Top-level Entity Name              ; CE381HW                                       ;
; Family                             ; Cyclone II                                    ;
; Device                             ; EP2C35F672C6                                  ;
; Timing Models                      ; Final                                         ;
; Total logic elements               ; 8,949 / 33,216 ( 27 % )                       ;
;     Total combinational functions  ; 7,754 / 33,216 ( 23 % )                       ;
;     Dedicated logic registers      ; 5,914 / 33,216 ( 18 % )                       ;
; Total registers                    ; 5982                                          ;
; Total pins                         ; 239 / 475 ( 50 % )                            ;
; Total virtual pins                 ; 0                                             ;
; Total memory bits                  ; 157,696 / 483,840 ( 33 % )                    ;
; Embedded Multiplier 9-bit elements ; 10 / 70 ( 14 % )                              ;
; Total PLLs                         ; 1 / 4 ( 25 % )                                ;
+------------------------------------+-----------------------------------------------+


+-----------------------------------------+
; Flow Settings                           ;
+-------------------+---------------------+
; Option            ; Setting             ;
+-------------------+---------------------+
<<<<<<< HEAD
<<<<<<< HEAD
; Start date & time ; 10/07/2013 15:17:05 ;
=======
; Start date & time ; 10/06/2013 20:12:44 ;
>>>>>>> b1da12a3a7b191c092898b0f63d5407f6491702f
=======
; Start date & time ; 10/08/2013 12:45:08 ;
>>>>>>> origin/health
; Main task         ; Compilation         ;
; Revision Name     ; CE381HW             ;
+-------------------+---------------------+


<<<<<<< HEAD
<<<<<<< HEAD
=======
>>>>>>> origin/health
+---------------------------------------------------------------------------------------------------------------+
; Flow Non-Default Global Settings                                                                              ;
+-------------------------------------+------------------------------+---------------+-------------+------------+
; Assignment Name                     ; Value                        ; Default Value ; Entity Name ; Section Id ;
+-------------------------------------+------------------------------+---------------+-------------+------------+
<<<<<<< HEAD
; COMPILER_SIGNATURE_ID               ; 130601444445.138118422306320 ; --            ; --          ; --         ;
=======
; COMPILER_SIGNATURE_ID               ; 158211270956.138126150701348 ; --            ; --          ; --         ;
>>>>>>> origin/health
; MAX_CORE_JUNCTION_TEMP              ; 85                           ; --            ; --          ; --         ;
; MIN_CORE_JUNCTION_TEMP              ; 0                            ; --            ; --          ; --         ;
; PARTITION_COLOR                     ; 16764057                     ; --            ; --          ; Top        ;
; PARTITION_FITTER_PRESERVATION_LEVEL ; PLACEMENT_AND_ROUTING        ; --            ; --          ; Top        ;
; PARTITION_NETLIST_TYPE              ; SOURCE                       ; --            ; --          ; Top        ;
+-------------------------------------+------------------------------+---------------+-------------+------------+
<<<<<<< HEAD
=======
+------------------------------------------------------------------------------------------------------------------+
; Flow Non-Default Global Settings                                                                                 ;
+-------------------------------------+---------------------------------+---------------+-------------+------------+
; Assignment Name                     ; Value                           ; Default Value ; Entity Name ; Section Id ;
+-------------------------------------+---------------------------------+---------------+-------------+------------+
; COMPILER_SIGNATURE_ID               ; 182854765186064.138111556201112 ; --            ; --          ; --         ;
; MAX_CORE_JUNCTION_TEMP              ; 85                              ; --            ; --          ; --         ;
; MIN_CORE_JUNCTION_TEMP              ; 0                               ; --            ; --          ; --         ;
; PARTITION_COLOR                     ; 16764057                        ; --            ; --          ; Top        ;
; PARTITION_FITTER_PRESERVATION_LEVEL ; PLACEMENT_AND_ROUTING           ; --            ; --          ; Top        ;
; PARTITION_NETLIST_TYPE              ; SOURCE                          ; --            ; --          ; Top        ;
+-------------------------------------+---------------------------------+---------------+-------------+------------+
>>>>>>> b1da12a3a7b191c092898b0f63d5407f6491702f
=======
>>>>>>> origin/health


+-------------------------------------------------------------------------------------------------------------------------------+
; Flow Elapsed Time                                                                                                             ;
+---------------------------+--------------+-------------------------+---------------------+------------------------------------+
; Module Name               ; Elapsed Time ; Average Processors Used ; Peak Virtual Memory ; Total CPU Time (on all processors) ;
+---------------------------+--------------+-------------------------+---------------------+------------------------------------+
<<<<<<< HEAD
<<<<<<< HEAD
; Analysis & Synthesis      ; 00:04:48     ; 1.0                     ; 517 MB              ; 00:03:50                           ;
; Fitter                    ; 00:01:36     ; 1.0                     ; 527 MB              ; 00:01:30                           ;
; Assembler                 ; 00:00:06     ; 1.0                     ; 357 MB              ; 00:00:06                           ;
; TimeQuest Timing Analyzer ; 00:00:11     ; 1.0                     ; 371 MB              ; 00:00:07                           ;
; Total                     ; 00:06:41     ; --                      ; --                  ; 00:05:33                           ;
=======
; Analysis & Synthesis      ; 00:03:17     ; 1.0                     ; 516 MB              ; 00:02:40                           ;
; Fitter                    ; 00:00:55     ; 1.0                     ; 530 MB              ; 00:00:50                           ;
; Assembler                 ; 00:00:05     ; 1.0                     ; 356 MB              ; 00:00:04                           ;
; TimeQuest Timing Analyzer ; 00:00:06     ; 1.0                     ; 366 MB              ; 00:00:05                           ;
; Total                     ; 00:04:23     ; --                      ; --                  ; 00:03:39                           ;
>>>>>>> b1da12a3a7b191c092898b0f63d5407f6491702f
=======
; Analysis & Synthesis      ; 00:04:06     ; 1.0                     ; 514 MB              ; 00:03:29                           ;
; Fitter                    ; 00:01:27     ; 1.0                     ; 529 MB              ; 00:01:21                           ;
; Assembler                 ; 00:00:05     ; 1.0                     ; 353 MB              ; 00:00:05                           ;
; TimeQuest Timing Analyzer ; 00:00:08     ; 1.0                     ; 374 MB              ; 00:00:06                           ;
; Total                     ; 00:05:46     ; --                      ; --                  ; 00:05:01                           ;
>>>>>>> origin/health
+---------------------------+--------------+-------------------------+---------------------+------------------------------------+


+----------------------------------------------------------------------------------------+
; Flow OS Summary                                                                        ;
+---------------------------+------------------+-----------+------------+----------------+
; Module Name               ; Machine Hostname ; OS Name   ; OS Version ; Processor type ;
+---------------------------+------------------+-----------+------------+----------------+
<<<<<<< HEAD
; Analysis & Synthesis      ; Mehdi            ; Windows 7 ; 6.2        ; x86_64         ;
; Fitter                    ; Mehdi            ; Windows 7 ; 6.2        ; x86_64         ;
; Assembler                 ; Mehdi            ; Windows 7 ; 6.2        ; x86_64         ;
; TimeQuest Timing Analyzer ; Mehdi            ; Windows 7 ; 6.2        ; x86_64         ;
=======
; Analysis & Synthesis      ; Jon-PC           ; Windows 7 ; 6.1        ; x86_64         ;
; Fitter                    ; Jon-PC           ; Windows 7 ; 6.1        ; x86_64         ;
; Assembler                 ; Jon-PC           ; Windows 7 ; 6.1        ; x86_64         ;
; TimeQuest Timing Analyzer ; Jon-PC           ; Windows 7 ; 6.1        ; x86_64         ;
>>>>>>> origin/health
+---------------------------+------------------+-----------+------------+----------------+


------------
; Flow Log ;
------------
quartus_map --read_settings_files=on --write_settings_files=off CE381HW -c CE381HW
quartus_fit --read_settings_files=off --write_settings_files=off CE381HW -c CE381HW
quartus_asm --read_settings_files=off --write_settings_files=off CE381HW -c CE381HW
quartus_sta CE381HW -c CE381HW



