Info: Starting: Create block symbol file (.bsf)
Info: ip-generate --project-directory=C:/Users/Keith/Dropbox/CE381HW/ --output-directory=C:/Users/Keith/Dropbox/CE381HW/nios_system/ --report-file=bsf:C:/Users/Keith/Dropbox/CE381HW/nios_system.bsf --system-info=DEVICE_FAMILY="Cyclone II" --system-info=DEVICE=EP2C35F672C6 --system-info=DEVICE_SPEEDGRADE=6 --component-file=C:/Users/Keith/Dropbox/CE381HW/nios_system.qsys
Progress: Loading CE381HW/nios_system.qsys
Progress: Reading input file
Progress: Adding clk_50 [clock_source 12.0]
Progress: Parameterizing module clk_50
Progress: Adding nios2_processor [altera_nios2_qsys 12.0]
Progress: Parameterizing module nios2_processor
Progress: Adding clocks [altera_up_clocks 12.0]
Progress: Parameterizing module clocks
Progress: Adding sdram [altera_avalon_new_sdram_controller 12.0]
Progress: Parameterizing module sdram
Progress: Adding sdram_clk_out [altera_clock_bridge 12.0]
Progress: Parameterizing module sdram_clk_out
Progress: Adding sram [altera_up_avalon_sram 12.0]
Progress: Parameterizing module sram
Progress: Adding jtag_uart [altera_avalon_jtag_uart 12.0]
Progress: Parameterizing module jtag_uart
Progress: Adding switches [altera_avalon_pio 12.0]
Progress: Parameterizing module switches
Progress: Adding LEDG [altera_avalon_pio 12.0]
Progress: Parameterizing module LEDG
Progress: Adding LEDR [altera_avalon_pio 12.0]
Progress: Parameterizing module LEDR
Progress: Adding keys [altera_avalon_pio 12.0]
Progress: Parameterizing module keys
Progress: Adding HEX0 [altera_avalon_pio 12.0]
Progress: Parameterizing module HEX0
Progress: Adding HEX1 [altera_avalon_pio 12.0]
Progress: Parameterizing module HEX1
Progress: Adding HEX2 [altera_avalon_pio 12.0]
Progress: Parameterizing module HEX2
Progress: Adding HEX3 [altera_avalon_pio 12.0]
Progress: Parameterizing module HEX3
Progress: Adding HEX4 [altera_avalon_pio 12.0]
Progress: Parameterizing module HEX4
Progress: Adding HEX5 [altera_avalon_pio 12.0]
Progress: Parameterizing module HEX5
Progress: Adding HEX6 [altera_avalon_pio 12.0]
Progress: Parameterizing module HEX6
Progress: Adding HEX7 [altera_avalon_pio 12.0]
Progress: Parameterizing module HEX7
Progress: Adding lcd [altera_up_avalon_character_lcd 12.0]
Progress: Parameterizing module lcd
Progress: Adding char_buffer [altera_up_avalon_video_character_buffer_with_dma 12.0]
Progress: Parameterizing module char_buffer
Progress: Adding pixel_buffer [altera_up_avalon_video_pixel_buffer_dma 12.0]
Progress: Parameterizing module pixel_buffer
Progress: Adding rgb_resampler [altera_up_avalon_video_rgb_resampler 12.0]
Progress: Parameterizing module rgb_resampler
Progress: Adding video_scaler [altera_up_avalon_video_scaler 12.0]
Progress: Parameterizing module video_scaler
Progress: Adding alpha_blender [altera_up_avalon_video_alpha_blender 12.0]
Progress: Parameterizing module alpha_blender
Progress: Adding video_dc_buffer [altera_up_avalon_video_dual_clock_buffer 12.0]
Progress: Parameterizing module video_dc_buffer
Progress: Adding vga_controller [altera_up_avalon_video_vga_controller 12.0]
Progress: Parameterizing module vga_controller
Progress: Adding SD_card [Altera_UP_SD_Card_Avalon_Interface 1.0]
Progress: Parameterizing module SD_card
Progress: Adding clk_27 [clock_source 12.0]
Progress: Parameterizing module clk_27
Progress: Adding audio [altera_up_avalon_audio 12.0]
Progress: Parameterizing module audio
Progress: Adding AV_config [altera_up_avalon_audio_and_video_config 12.0]
Progress: Parameterizing module AV_config
Progress: Adding sys_timer [altera_avalon_timer 12.0]
Progress: Parameterizing module sys_timer
Progress: Adding timestamp_timer [altera_avalon_timer 12.0]
Progress: Parameterizing module timestamp_timer
Progress: Building connections
Progress: Parameterizing connections
Progress: Validating
Progress: Done reading input file
Info: nios_system.switches: PIO inputs are not hardwired in test bench. Undefined values will be read from PIO inputs during simulation.
Info: nios_system.keys: PIO inputs are not hardwired in test bench. Undefined values will be read from PIO inputs during simulation.
Info: nios_system.char_buffer: Character Resolution: 80 x 60
Info: nios_system.rgb_resampler: RGB Resampling: 16 (bits) x 1 (planes) -> 10 (bits) x 3 (planes)
Info: nios_system.video_scaler: Change in Resolution: 320 x 240 -> 640 x 480
Info: nios_system.vga_controller: Video Output Stream: Format: 640 x 480 with Color: 10 (bits) x 3 (planes)
Info: ip-generate succeeded.
Info: Finished: Create block symbol file (.bsf)
Info: 
Info: Starting: Create HDL design files for synthesis
Info: ip-generate --project-directory=C:/Users/Keith/Dropbox/CE381HW/ --output-directory=C:/Users/Keith/Dropbox/CE381HW/nios_system/synthesis/ --file-set=QUARTUS_SYNTH --report-file=sopcinfo:C:/Users/Keith/Dropbox/CE381HW/nios_system.sopcinfo --report-file=html:C:/Users/Keith/Dropbox/CE381HW/nios_system.html --report-file=qip:C:/Users/Keith/Dropbox/CE381HW/nios_system/synthesis/nios_system.qip --system-info=DEVICE_FAMILY="Cyclone II" --system-info=DEVICE=EP2C35F672C6 --system-info=DEVICE_SPEEDGRADE=6 --component-file=C:/Users/Keith/Dropbox/CE381HW/nios_system.qsys
Progress: Loading CE381HW/nios_system.qsys
Progress: Reading input file
Progress: Adding clk_50 [clock_source 12.0]
Progress: Parameterizing module clk_50
Progress: Adding nios2_processor [altera_nios2_qsys 12.0]
Progress: Parameterizing module nios2_processor
Progress: Adding clocks [altera_up_clocks 12.0]
Progress: Parameterizing module clocks
Progress: Adding sdram [altera_avalon_new_sdram_controller 12.0]
Progress: Parameterizing module sdram
Progress: Adding sdram_clk_out [altera_clock_bridge 12.0]
Progress: Parameterizing module sdram_clk_out
Progress: Adding sram [altera_up_avalon_sram 12.0]
Progress: Parameterizing module sram
Progress: Adding jtag_uart [altera_avalon_jtag_uart 12.0]
Progress: Parameterizing module jtag_uart
Progress: Adding switches [altera_avalon_pio 12.0]
Progress: Parameterizing module switches
Progress: Adding LEDG [altera_avalon_pio 12.0]
Progress: Parameterizing module LEDG
Progress: Adding LEDR [altera_avalon_pio 12.0]
Progress: Parameterizing module LEDR
Progress: Adding keys [altera_avalon_pio 12.0]
Progress: Parameterizing module keys
Progress: Adding HEX0 [altera_avalon_pio 12.0]
Progress: Parameterizing module HEX0
Progress: Adding HEX1 [altera_avalon_pio 12.0]
Progress: Parameterizing module HEX1
Progress: Adding HEX2 [altera_avalon_pio 12.0]
Progress: Parameterizing module HEX2
Progress: Adding HEX3 [altera_avalon_pio 12.0]
Progress: Parameterizing module HEX3
Progress: Adding HEX4 [altera_avalon_pio 12.0]
Progress: Parameterizing module HEX4
Progress: Adding HEX5 [altera_avalon_pio 12.0]
Progress: Parameterizing module HEX5
Progress: Adding HEX6 [altera_avalon_pio 12.0]
Progress: Parameterizing module HEX6
Progress: Adding HEX7 [altera_avalon_pio 12.0]
Progress: Parameterizing module HEX7
Progress: Adding lcd [altera_up_avalon_character_lcd 12.0]
Progress: Parameterizing module lcd
Progress: Adding char_buffer [altera_up_avalon_video_character_buffer_with_dma 12.0]
Progress: Parameterizing module char_buffer
Progress: Adding pixel_buffer [altera_up_avalon_video_pixel_buffer_dma 12.0]
Progress: Parameterizing module pixel_buffer
Progress: Adding rgb_resampler [altera_up_avalon_video_rgb_resampler 12.0]
Progress: Parameterizing module rgb_resampler
Progress: Adding video_scaler [altera_up_avalon_video_scaler 12.0]
Progress: Parameterizing module video_scaler
Progress: Adding alpha_blender [altera_up_avalon_video_alpha_blender 12.0]
Progress: Parameterizing module alpha_blender
Progress: Adding video_dc_buffer [altera_up_avalon_video_dual_clock_buffer 12.0]
Progress: Parameterizing module video_dc_buffer
Progress: Adding vga_controller [altera_up_avalon_video_vga_controller 12.0]
Progress: Parameterizing module vga_controller
Progress: Adding SD_card [Altera_UP_SD_Card_Avalon_Interface 1.0]
Progress: Parameterizing module SD_card
Progress: Adding clk_27 [clock_source 12.0]
Progress: Parameterizing module clk_27
Progress: Adding audio [altera_up_avalon_audio 12.0]
Progress: Parameterizing module audio
Progress: Adding AV_config [altera_up_avalon_audio_and_video_config 12.0]
Progress: Parameterizing module AV_config
Progress: Adding sys_timer [altera_avalon_timer 12.0]
Progress: Parameterizing module sys_timer
Progress: Adding timestamp_timer [altera_avalon_timer 12.0]
Progress: Parameterizing module timestamp_timer
Progress: Building connections
Progress: Parameterizing connections
Progress: Validating
Progress: Done reading input file
Info: nios_system.switches: PIO inputs are not hardwired in test bench. Undefined values will be read from PIO inputs during simulation.
Info: nios_system.keys: PIO inputs are not hardwired in test bench. Undefined values will be read from PIO inputs during simulation.
Info: nios_system.char_buffer: Character Resolution: 80 x 60
Info: nios_system.rgb_resampler: RGB Resampling: 16 (bits) x 1 (planes) -> 10 (bits) x 3 (planes)
Info: nios_system.video_scaler: Change in Resolution: 320 x 240 -> 640 x 480
Info: nios_system.vga_controller: Video Output Stream: Format: 640 x 480 with Color: 10 (bits) x 3 (planes)
Info: nios_system: Generating nios_system "nios_system" for QUARTUS_SYNTH
Info: pipeline_bridge_swap_transform: After transform: 31 modules, 123 connections
Info: No custom instruction connections, skipping transform 
Info: merlin_translator_transform: After transform: 57 modules, 226 connections
Info: merlin_domain_transform: After transform: 110 modules, 581 connections
Info: merlin_router_transform: After transform: 136 modules, 684 connections
Info: merlin_traffic_limiter_transform: After transform: 138 modules, 694 connections
Info: merlin_burst_transform: After transform: 142 modules, 710 connections
Info: reset_adaptation_transform: After transform: 146 modules, 564 connections
Info: merlin_network_to_switch_transform: After transform: 197 modules, 668 connections
Info: merlin_width_transform: After transform: 207 modules, 698 connections
Info: Inserting clock-crossing logic between cmd_xbar_demux_001.src21 and cmd_xbar_mux_021.sink0
Info: Inserting clock-crossing logic between cmd_xbar_demux_001.src22 and cmd_xbar_mux_022.sink0
Info: Inserting clock-crossing logic between rsp_xbar_demux_021.src0 and rsp_xbar_mux_001.sink21
Info: Inserting clock-crossing logic between rsp_xbar_demux_022.src0 and rsp_xbar_mux_001.sink22
Info: Inserting clock-crossing logic between width_adapter.src and cmd_xbar_mux_001.sink0
Info: Inserting clock-crossing logic between width_adapter_001.src and cmd_xbar_mux_001.sink1
Info: Inserting clock-crossing logic between width_adapter_005.src and rsp_xbar_mux.sink1
Info: Inserting clock-crossing logic between width_adapter_006.src and rsp_xbar_mux_001.sink1
Info: com_altera_sopcmodel_transforms_avalon_ClockCrossingTransform: After transform: 215 modules, 738 connections
Info: limiter_update_transform: After transform: 215 modules, 740 connections
Info: merlin_interrupt_mapper_transform: After transform: 216 modules, 743 connections
Info: merlin_interrupt_sync_transform: After transform: 218 modules, 753 connections
Info: nios2_processor: Starting RTL generation for module 'nios_system_nios2_processor'
Info: nios2_processor:   Generation command is [exec C:/altera/12.0sp2/quartus/../ip/altera/nios2_ip/altera_nios2/eperl.exe -I C:/altera/12.0sp2/quartus/common/ip/altera/common/perl/5.8.3 -I C:/altera/12.0sp2/quartus/sopc_builder/bin/europa -I C:/altera/12.0sp2/quartus/sopc_builder/bin/perl_lib -I C:/altera/12.0sp2/quartus/sopc_builder/bin -I C:/altera/12.0sp2/quartus/../ip/altera/nios2_ip/altera_nios2/cpu_lib -I C:/altera/12.0sp2/quartus/../ip/altera/nios2_ip/altera_nios2/nios_lib -I C:/altera/12.0sp2/quartus/../ip/altera/nios2_ip/altera_nios2 -I C:/altera/12.0sp2/quartus/../ip/altera/nios2_ip/altera_nios2 -- C:/altera/12.0sp2/quartus/../ip/altera/nios2_ip/altera_nios2/generate_rtl.epl --name=nios_system_nios2_processor --dir=C:/Users/Keith/AppData/Local/Temp/alt5978_4313447016244951029.dir/0003_nios2_processor_gen/ --quartus_dir=C:/altera/12.0sp2/quartus --verilog --config=C:/Users/Keith/AppData/Local/Temp/alt5978_4313447016244951029.dir/0003_nios2_processor_gen//nios_system_nios2_processor_processor_configuration.pl  --do_build_sim=0    --bogus  ]
Info: nios2_processor: # 2013.09.30 13:59:48 (*) Starting Nios II generation
Info: nios2_processor: # 2013.09.30 13:59:48 (*)   Checking for encrypted license (non-evaluation).
Info: nios2_processor: # 2013.09.30 13:59:49 (*)   Couldn't query license setup in Quartus directory C:/altera/12.0sp2/quartus
Info: nios2_processor: # 2013.09.30 13:59:49 (*)   Defaulting to contents of LM_LICENSE_FILE environment variable
Info: nios2_processor: # 2013.09.30 13:59:49 (*)   LM_LICENSE_FILE environment variable is empty
Info: nios2_processor: # 2013.09.30 13:59:49 (*)   Encrypted license not found.  Defaulting to OCP evaluation license (produces a time-limited SOF)
Info: nios2_processor: # 2013.09.30 13:59:49 (*)   Elaborating CPU configuration settings
Info: nios2_processor: # 2013.09.30 13:59:49 (*)   Creating all objects for CPU
Info: nios2_processor: # 2013.09.30 13:59:49 (*)     Testbench
Info: nios2_processor: # 2013.09.30 13:59:49 (*)     Instruction decoding
Info: nios2_processor: # 2013.09.30 13:59:49 (*)       Instruction fields
Info: nios2_processor: # 2013.09.30 13:59:49 (*)       Instruction decodes
Info: nios2_processor: # 2013.09.30 13:59:50 (*)       Signals for RTL simulation waveforms
Info: nios2_processor: # 2013.09.30 13:59:50 (*)       Instruction controls
Info: nios2_processor: # 2013.09.30 13:59:50 (*)     Pipeline frontend
Info: nios2_processor: # 2013.09.30 13:59:50 (*)     Pipeline backend
Info: nios2_processor: # 2013.09.30 13:59:52 (*)   Generating RTL from CPU objects
Info: nios2_processor: # 2013.09.30 13:59:54 (*)   Creating encrypted RTL
Info: nios2_processor: # 2013.09.30 13:59:56 (*) Done Nios II generation
Info: nios2_processor: Done RTL generation for module 'nios_system_nios2_processor'
Info: nios2_processor: "nios_system" instantiated altera_nios2_qsys "nios2_processor"
Info: clocks: Starting Generation of Required Clocks for DE-Series Boards
Info: clocks: "nios_system" instantiated altera_up_clocks "clocks"
Info: Starting classic module elaboration.
Qt: Untested Windows version 6.2 detected!
"c:/altera/12.0sp2/quartus/bin/jre/bin/java.exe" -Xmx512M -classpath "c:/altera/12.0sp2/quartus/sopc_builder/bin/sopc_builder.jar;c:/altera/12.0sp2/quartus/sopc_builder/bin/PinAssigner.jar;c:/altera/12.0sp2/quartus/sopc_builder/bin/sopc_wizard.jar;c:/altera/12.0sp2/quartus/sopc_builder/bin/jptf.jar" sopc_builder.sopc_builder  -d"c:/altera/12.0sp2/quartus/sopc_builder" -notalkback=1 -projectnameyysystem.qpf -projectpathC:/Users/Keith/AppData/Local/Temp/alt5978_4313447016244951029.dir/0005_sopclgen  --no_splash --refresh C:/Users/Keith/AppData/Local/Temp/alt5978_4313447016244951029.dir/0005_sopclgen/yysystem.v --quartus_dir="c:/altera/12.0sp2/quartus" --sopc_perl="c:/altera/12.0sp2/quartus/bin/perl" --sopc_lib_path="++c:/altera/12.0sp2/quartus/../ip/altera/sopc_builder_ip+c:/altera/12.0sp2/quartus/../ip/altera/nios2_ip"
Info: Finished elaborating classic module.
Executing: C:/altera/12.0sp2/quartus//sopc_builder/bin/sopc_builder --classic --generate C:/Users/Keith/AppData/Local/Temp/alt5978_4313447016244951029.dir/0005_sopclgen/yysystem.ptf
Info: Running sopc_builder...
Qt: Untested Windows version 6.2 detected!
"c:/altera/12.0sp2/quartus/bin/jre/bin/java.exe" -Xmx512M -classpath "c:/altera/12.0sp2/quartus/sopc_builder/bin/sopc_builder.jar;c:/altera/12.0sp2/quartus/sopc_builder/bin/PinAssigner.jar;c:/altera/12.0sp2/quartus/sopc_builder/bin/sopc_wizard.jar;c:/altera/12.0sp2/quartus/sopc_builder/bin/jptf.jar" sopc_builder.sopc_builder  -d"c:/altera/12.0sp2/quartus/sopc_builder" -notalkback=1 -projectnameyysystem.qpf -projectpathC:/Users/Keith/AppData/Local/Temp/alt5978_4313447016244951029.dir/0005_sopclgen  --generate C:/Users/Keith/AppData/Local/Temp/alt5978_4313447016244951029.dir/0005_sopclgen/yysystem.v --quartus_dir="c:/altera/12.0sp2/quartus" --sopc_perl="c:/altera/12.0sp2/quartus/bin/perl" --sopc_lib_path="++c:/altera/12.0sp2/quartus/../ip/altera/sopc_builder_ip+c:/altera/12.0sp2/quartus/../ip/altera/nios2_ip"
No .sopc_builder configuration file(!)
.
.
# 2013.09.30 14:00:05 (*) Running Test Generator Program for nios_system_sdram
# 2013.09.30 14:00:07 (*) Success: sopc_builder finished.
Info: sdram: "nios_system" instantiated altera_avalon_new_sdram_controller "sdram"
Info: sram: Starting Generation of SRAM or SSRAM Controller
Info: sram: "nios_system" instantiated altera_up_avalon_sram "sram"
Info: Starting classic module elaboration.
Qt: Untested Windows version 6.2 detected!
"c:/altera/12.0sp2/quartus/bin/jre/bin/java.exe" -Xmx512M -classpath "c:/altera/12.0sp2/quartus/sopc_builder/bin/sopc_builder.jar;c:/altera/12.0sp2/quartus/sopc_builder/bin/PinAssigner.jar;c:/altera/12.0sp2/quartus/sopc_builder/bin/sopc_wizard.jar;c:/altera/12.0sp2/quartus/sopc_builder/bin/jptf.jar" sopc_builder.sopc_builder  -d"c:/altera/12.0sp2/quartus/sopc_builder" -notalkback=1 -projectnameyysystem.qpf -projectpathC:/Users/Keith/AppData/Local/Temp/alt5978_4313447016244951029.dir/0007_sopclgen  --no_splash --refresh C:/Users/Keith/AppData/Local/Temp/alt5978_4313447016244951029.dir/0007_sopclgen/yysystem.v --quartus_dir="c:/altera/12.0sp2/quartus" --sopc_perl="c:/altera/12.0sp2/quartus/bin/perl" --sopc_lib_path="++c:/altera/12.0sp2/quartus/../ip/altera/sopc_builder_ip+c:/altera/12.0sp2/quartus/../ip/altera/nios2_ip"
Info: Finished elaborating classic module.
Executing: C:/altera/12.0sp2/quartus//sopc_builder/bin/sopc_builder --classic --generate C:/Users/Keith/AppData/Local/Temp/alt5978_4313447016244951029.dir/0007_sopclgen/yysystem.ptf
Info: Running sopc_builder...
Qt: Untested Windows version 6.2 detected!
"c:/altera/12.0sp2/quartus/bin/jre/bin/java.exe" -Xmx512M -classpath "c:/altera/12.0sp2/quartus/sopc_builder/bin/sopc_builder.jar;c:/altera/12.0sp2/quartus/sopc_builder/bin/PinAssigner.jar;c:/altera/12.0sp2/quartus/sopc_builder/bin/sopc_wizard.jar;c:/altera/12.0sp2/quartus/sopc_builder/bin/jptf.jar" sopc_builder.sopc_builder  -d"c:/altera/12.0sp2/quartus/sopc_builder" -notalkback=1 -projectnameyysystem.qpf -projectpathC:/Users/Keith/AppData/Local/Temp/alt5978_4313447016244951029.dir/0007_sopclgen  --generate C:/Users/Keith/AppData/Local/Temp/alt5978_4313447016244951029.dir/0007_sopclgen/yysystem.v --quartus_dir="c:/altera/12.0sp2/quartus" --sopc_perl="c:/altera/12.0sp2/quartus/bin/perl" --sopc_lib_path="++c:/altera/12.0sp2/quartus/../ip/altera/sopc_builder_ip+c:/altera/12.0sp2/quartus/../ip/altera/nios2_ip"
No .sopc_builder configuration file(!)
.
# 2013.09.30 14:00:17 (*) Success: sopc_builder finished.
Info: jtag_uart: "nios_system" instantiated altera_avalon_jtag_uart "jtag_uart"
Info: Starting classic module elaboration.
Qt: Untested Windows version 6.2 detected!
"c:/altera/12.0sp2/quartus/bin/jre/bin/java.exe" -Xmx512M -classpath "c:/altera/12.0sp2/quartus/sopc_builder/bin/sopc_builder.jar;c:/altera/12.0sp2/quartus/sopc_builder/bin/PinAssigner.jar;c:/altera/12.0sp2/quartus/sopc_builder/bin/sopc_wizard.jar;c:/altera/12.0sp2/quartus/sopc_builder/bin/jptf.jar" sopc_builder.sopc_builder  -d"c:/altera/12.0sp2/quartus/sopc_builder" -notalkback=1 -projectnameyysystem.qpf -projectpathC:/Users/Keith/AppData/Local/Temp/alt5978_4313447016244951029.dir/0008_sopclgen  --no_splash --refresh C:/Users/Keith/AppData/Local/Temp/alt5978_4313447016244951029.dir/0008_sopclgen/yysystem.v --quartus_dir="c:/altera/12.0sp2/quartus" --sopc_perl="c:/altera/12.0sp2/quartus/bin/perl" --sopc_lib_path="++c:/altera/12.0sp2/quartus/../ip/altera/sopc_builder_ip+c:/altera/12.0sp2/quartus/../ip/altera/nios2_ip"
Info: Finished elaborating classic module.
Executing: C:/altera/12.0sp2/quartus//sopc_builder/bin/sopc_builder --classic --generate C:/Users/Keith/AppData/Local/Temp/alt5978_4313447016244951029.dir/0008_sopclgen/yysystem.ptf
Info: Running sopc_builder...
Qt: Untested Windows version 6.2 detected!
"c:/altera/12.0sp2/quartus/bin/jre/bin/java.exe" -Xmx512M -classpath "c:/altera/12.0sp2/quartus/sopc_builder/bin/sopc_builder.jar;c:/altera/12.0sp2/quartus/sopc_builder/bin/PinAssigner.jar;c:/altera/12.0sp2/quartus/sopc_builder/bin/sopc_wizard.jar;c:/altera/12.0sp2/quartus/sopc_builder/bin/jptf.jar" sopc_builder.sopc_builder  -d"c:/altera/12.0sp2/quartus/sopc_builder" -notalkback=1 -projectnameyysystem.qpf -projectpathC:/Users/Keith/AppData/Local/Temp/alt5978_4313447016244951029.dir/0008_sopclgen  --generate C:/Users/Keith/AppData/Local/Temp/alt5978_4313447016244951029.dir/0008_sopclgen/yysystem.v --quartus_dir="c:/altera/12.0sp2/quartus" --sopc_perl="c:/altera/12.0sp2/quartus/bin/perl" --sopc_lib_path="++c:/altera/12.0sp2/quartus/../ip/altera/sopc_builder_ip+c:/altera/12.0sp2/quartus/../ip/altera/nios2_ip"
No .sopc_builder configuration file(!)
.
# 2013.09.30 14:00:27 (*) Success: sopc_builder finished.
Info: switches: "nios_system" instantiated altera_avalon_pio "switches"
Info: Starting classic module elaboration.
Qt: Untested Windows version 6.2 detected!
"c:/altera/12.0sp2/quartus/bin/jre/bin/java.exe" -Xmx512M -classpath "c:/altera/12.0sp2/quartus/sopc_builder/bin/sopc_builder.jar;c:/altera/12.0sp2/quartus/sopc_builder/bin/PinAssigner.jar;c:/altera/12.0sp2/quartus/sopc_builder/bin/sopc_wizard.jar;c:/altera/12.0sp2/quartus/sopc_builder/bin/jptf.jar" sopc_builder.sopc_builder  -d"c:/altera/12.0sp2/quartus/sopc_builder" -notalkback=1 -projectnameyysystem.qpf -projectpathC:/Users/Keith/AppData/Local/Temp/alt5978_4313447016244951029.dir/0009_sopclgen  --no_splash --refresh C:/Users/Keith/AppData/Local/Temp/alt5978_4313447016244951029.dir/0009_sopclgen/yysystem.v --quartus_dir="c:/altera/12.0sp2/quartus" --sopc_perl="c:/altera/12.0sp2/quartus/bin/perl" --sopc_lib_path="++c:/altera/12.0sp2/quartus/../ip/altera/sopc_builder_ip+c:/altera/12.0sp2/quartus/../ip/altera/nios2_ip"
Info: Finished elaborating classic module.
Executing: C:/altera/12.0sp2/quartus//sopc_builder/bin/sopc_builder --classic --generate C:/Users/Keith/AppData/Local/Temp/alt5978_4313447016244951029.dir/0009_sopclgen/yysystem.ptf
Info: Running sopc_builder...
Qt: Untested Windows version 6.2 detected!
"c:/altera/12.0sp2/quartus/bin/jre/bin/java.exe" -Xmx512M -classpath "c:/altera/12.0sp2/quartus/sopc_builder/bin/sopc_builder.jar;c:/altera/12.0sp2/quartus/sopc_builder/bin/PinAssigner.jar;c:/altera/12.0sp2/quartus/sopc_builder/bin/sopc_wizard.jar;c:/altera/12.0sp2/quartus/sopc_builder/bin/jptf.jar" sopc_builder.sopc_builder  -d"c:/altera/12.0sp2/quartus/sopc_builder" -notalkback=1 -projectnameyysystem.qpf -projectpathC:/Users/Keith/AppData/Local/Temp/alt5978_4313447016244951029.dir/0009_sopclgen  --generate C:/Users/Keith/AppData/Local/Temp/alt5978_4313447016244951029.dir/0009_sopclgen/yysystem.v --quartus_dir="c:/altera/12.0sp2/quartus" --sopc_perl="c:/altera/12.0sp2/quartus/bin/perl" --sopc_lib_path="++c:/altera/12.0sp2/quartus/../ip/altera/sopc_builder_ip+c:/altera/12.0sp2/quartus/../ip/altera/nios2_ip"
No .sopc_builder configuration file(!)
.
# 2013.09.30 14:00:37 (*) Success: sopc_builder finished.
Info: LEDG: "nios_system" instantiated altera_avalon_pio "LEDG"
Info: Starting classic module elaboration.
Qt: Untested Windows version 6.2 detected!
"c:/altera/12.0sp2/quartus/bin/jre/bin/java.exe" -Xmx512M -classpath "c:/altera/12.0sp2/quartus/sopc_builder/bin/sopc_builder.jar;c:/altera/12.0sp2/quartus/sopc_builder/bin/PinAssigner.jar;c:/altera/12.0sp2/quartus/sopc_builder/bin/sopc_wizard.jar;c:/altera/12.0sp2/quartus/sopc_builder/bin/jptf.jar" sopc_builder.sopc_builder  -d"c:/altera/12.0sp2/quartus/sopc_builder" -notalkback=1 -projectnameyysystem.qpf -projectpathC:/Users/Keith/AppData/Local/Temp/alt5978_4313447016244951029.dir/0010_sopclgen  --no_splash --refresh C:/Users/Keith/AppData/Local/Temp/alt5978_4313447016244951029.dir/0010_sopclgen/yysystem.v --quartus_dir="c:/altera/12.0sp2/quartus" --sopc_perl="c:/altera/12.0sp2/quartus/bin/perl" --sopc_lib_path="++c:/altera/12.0sp2/quartus/../ip/altera/sopc_builder_ip+c:/altera/12.0sp2/quartus/../ip/altera/nios2_ip"
Info: Finished elaborating classic module.
Executing: C:/altera/12.0sp2/quartus//sopc_builder/bin/sopc_builder --classic --generate C:/Users/Keith/AppData/Local/Temp/alt5978_4313447016244951029.dir/0010_sopclgen/yysystem.ptf
Info: Running sopc_builder...
Qt: Untested Windows version 6.2 detected!
"c:/altera/12.0sp2/quartus/bin/jre/bin/java.exe" -Xmx512M -classpath "c:/altera/12.0sp2/quartus/sopc_builder/bin/sopc_builder.jar;c:/altera/12.0sp2/quartus/sopc_builder/bin/PinAssigner.jar;c:/altera/12.0sp2/quartus/sopc_builder/bin/sopc_wizard.jar;c:/altera/12.0sp2/quartus/sopc_builder/bin/jptf.jar" sopc_builder.sopc_builder  -d"c:/altera/12.0sp2/quartus/sopc_builder" -notalkback=1 -projectnameyysystem.qpf -projectpathC:/Users/Keith/AppData/Local/Temp/alt5978_4313447016244951029.dir/0010_sopclgen  --generate C:/Users/Keith/AppData/Local/Temp/alt5978_4313447016244951029.dir/0010_sopclgen/yysystem.v --quartus_dir="c:/altera/12.0sp2/quartus" --sopc_perl="c:/altera/12.0sp2/quartus/bin/perl" --sopc_lib_path="++c:/altera/12.0sp2/quartus/../ip/altera/sopc_builder_ip+c:/altera/12.0sp2/quartus/../ip/altera/nios2_ip"
No .sopc_builder configuration file(!)
.
# 2013.09.30 14:00:48 (*) Success: sopc_builder finished.
Info: LEDR: "nios_system" instantiated altera_avalon_pio "LEDR"
Info: Starting classic module elaboration.
Qt: Untested Windows version 6.2 detected!
"c:/altera/12.0sp2/quartus/bin/jre/bin/java.exe" -Xmx512M -classpath "c:/altera/12.0sp2/quartus/sopc_builder/bin/sopc_builder.jar;c:/altera/12.0sp2/quartus/sopc_builder/bin/PinAssigner.jar;c:/altera/12.0sp2/quartus/sopc_builder/bin/sopc_wizard.jar;c:/altera/12.0sp2/quartus/sopc_builder/bin/jptf.jar" sopc_builder.sopc_builder  -d"c:/altera/12.0sp2/quartus/sopc_builder" -notalkback=1 -projectnameyysystem.qpf -projectpathC:/Users/Keith/AppData/Local/Temp/alt5978_4313447016244951029.dir/0011_sopclgen  --no_splash --refresh C:/Users/Keith/AppData/Local/Temp/alt5978_4313447016244951029.dir/0011_sopclgen/yysystem.v --quartus_dir="c:/altera/12.0sp2/quartus" --sopc_perl="c:/altera/12.0sp2/quartus/bin/perl" --sopc_lib_path="++c:/altera/12.0sp2/quartus/../ip/altera/sopc_builder_ip+c:/altera/12.0sp2/quartus/../ip/altera/nios2_ip"
Info: Finished elaborating classic module.
Executing: C:/altera/12.0sp2/quartus//sopc_builder/bin/sopc_builder --classic --generate C:/Users/Keith/AppData/Local/Temp/alt5978_4313447016244951029.dir/0011_sopclgen/yysystem.ptf
Info: Running sopc_builder...
Qt: Untested Windows version 6.2 detected!
"c:/altera/12.0sp2/quartus/bin/jre/bin/java.exe" -Xmx512M -classpath "c:/altera/12.0sp2/quartus/sopc_builder/bin/sopc_builder.jar;c:/altera/12.0sp2/quartus/sopc_builder/bin/PinAssigner.jar;c:/altera/12.0sp2/quartus/sopc_builder/bin/sopc_wizard.jar;c:/altera/12.0sp2/quartus/sopc_builder/bin/jptf.jar" sopc_builder.sopc_builder  -d"c:/altera/12.0sp2/quartus/sopc_builder" -notalkback=1 -projectnameyysystem.qpf -projectpathC:/Users/Keith/AppData/Local/Temp/alt5978_4313447016244951029.dir/0011_sopclgen  --generate C:/Users/Keith/AppData/Local/Temp/alt5978_4313447016244951029.dir/0011_sopclgen/yysystem.v --quartus_dir="c:/altera/12.0sp2/quartus" --sopc_perl="c:/altera/12.0sp2/quartus/bin/perl" --sopc_lib_path="++c:/altera/12.0sp2/quartus/../ip/altera/sopc_builder_ip+c:/altera/12.0sp2/quartus/../ip/altera/nios2_ip"
No .sopc_builder configuration file(!)
.
# 2013.09.30 14:00:58 (*) Success: sopc_builder finished.
Info: keys: "nios_system" instantiated altera_avalon_pio "keys"
Info: Starting classic module elaboration.
Qt: Untested Windows version 6.2 detected!
"c:/altera/12.0sp2/quartus/bin/jre/bin/java.exe" -Xmx512M -classpath "c:/altera/12.0sp2/quartus/sopc_builder/bin/sopc_builder.jar;c:/altera/12.0sp2/quartus/sopc_builder/bin/PinAssigner.jar;c:/altera/12.0sp2/quartus/sopc_builder/bin/sopc_wizard.jar;c:/altera/12.0sp2/quartus/sopc_builder/bin/jptf.jar" sopc_builder.sopc_builder  -d"c:/altera/12.0sp2/quartus/sopc_builder" -notalkback=1 -projectnameyysystem.qpf -projectpathC:/Users/Keith/AppData/Local/Temp/alt5978_4313447016244951029.dir/0012_sopclgen  --no_splash --refresh C:/Users/Keith/AppData/Local/Temp/alt5978_4313447016244951029.dir/0012_sopclgen/yysystem.v --quartus_dir="c:/altera/12.0sp2/quartus" --sopc_perl="c:/altera/12.0sp2/quartus/bin/perl" --sopc_lib_path="++c:/altera/12.0sp2/quartus/../ip/altera/sopc_builder_ip+c:/altera/12.0sp2/quartus/../ip/altera/nios2_ip"
Info: Finished elaborating classic module.
Executing: C:/altera/12.0sp2/quartus//sopc_builder/bin/sopc_builder --classic --generate C:/Users/Keith/AppData/Local/Temp/alt5978_4313447016244951029.dir/0012_sopclgen/yysystem.ptf
Info: Running sopc_builder...
Qt: Untested Windows version 6.2 detected!
"c:/altera/12.0sp2/quartus/bin/jre/bin/java.exe" -Xmx512M -classpath "c:/altera/12.0sp2/quartus/sopc_builder/bin/sopc_builder.jar;c:/altera/12.0sp2/quartus/sopc_builder/bin/PinAssigner.jar;c:/altera/12.0sp2/quartus/sopc_builder/bin/sopc_wizard.jar;c:/altera/12.0sp2/quartus/sopc_builder/bin/jptf.jar" sopc_builder.sopc_builder  -d"c:/altera/12.0sp2/quartus/sopc_builder" -notalkback=1 -projectnameyysystem.qpf -projectpathC:/Users/Keith/AppData/Local/Temp/alt5978_4313447016244951029.dir/0012_sopclgen  --generate C:/Users/Keith/AppData/Local/Temp/alt5978_4313447016244951029.dir/0012_sopclgen/yysystem.v --quartus_dir="c:/altera/12.0sp2/quartus" --sopc_perl="c:/altera/12.0sp2/quartus/bin/perl" --sopc_lib_path="++c:/altera/12.0sp2/quartus/../ip/altera/sopc_builder_ip+c:/altera/12.0sp2/quartus/../ip/altera/nios2_ip"
No .sopc_builder configuration file(!)
.
# 2013.09.30 14:01:08 (*) Success: sopc_builder finished.
Info: HEX0: "nios_system" instantiated altera_avalon_pio "HEX0"
Info: lcd: Starting Generation of Character LCD
Info: lcd: "nios_system" instantiated altera_up_avalon_character_lcd "lcd"
Info: char_buffer: Starting Generation of Character Buffer
Info: char_buffer: "nios_system" instantiated altera_up_avalon_video_character_buffer_with_dma "char_buffer"
Info: pixel_buffer: Starting Generation of VGA Pixel Buffer
Info: pixel_buffer: "nios_system" instantiated altera_up_avalon_video_pixel_buffer_dma "pixel_buffer"
Info: rgb_resampler: Starting Generation of Video RGB Resampler
Info: rgb_resampler: "nios_system" instantiated altera_up_avalon_video_rgb_resampler "rgb_resampler"
Info: video_scaler: Starting Generation of Video Scaler
Info: video_scaler: "nios_system" instantiated altera_up_avalon_video_scaler "video_scaler"
Info: alpha_blender: Starting Generation of the Alpha Blender
Info: alpha_blender: "nios_system" instantiated altera_up_avalon_video_alpha_blender "alpha_blender"
Info: video_dc_buffer: Starting Generation of the Dual Clock Buffer
Info: video_dc_buffer: "nios_system" instantiated altera_up_avalon_video_dual_clock_buffer "video_dc_buffer"
Info: vga_controller: Starting Generation of VGA Controller
Info: vga_controller: "nios_system" instantiated altera_up_avalon_video_vga_controller "vga_controller"
Info: SD_card: "nios_system" instantiated Altera_UP_SD_Card_Avalon_Interface "SD_card"
Info: Starting classic module elaboration.
Qt: Untested Windows version 6.2 detected!
"c:/altera/12.0sp2/quartus/bin/jre/bin/java.exe" -Xmx512M -classpath "c:/altera/12.0sp2/quartus/sopc_builder/bin/sopc_builder.jar;c:/altera/12.0sp2/quartus/sopc_builder/bin/PinAssigner.jar;c:/altera/12.0sp2/quartus/sopc_builder/bin/sopc_wizard.jar;c:/altera/12.0sp2/quartus/sopc_builder/bin/jptf.jar" sopc_builder.sopc_builder  -d"c:/altera/12.0sp2/quartus/sopc_builder" -notalkback=1 -projectnameyysystem.qpf -projectpathC:/Users/Keith/AppData/Local/Temp/alt5978_4313447016244951029.dir/0021_sopclgen  --no_splash --refresh C:/Users/Keith/AppData/Local/Temp/alt5978_4313447016244951029.dir/0021_sopclgen/yysystem.v --quartus_dir="c:/altera/12.0sp2/quartus" --sopc_perl="c:/altera/12.0sp2/quartus/bin/perl" --sopc_lib_path="++c:/altera/12.0sp2/quartus/../ip/altera/sopc_builder_ip+c:/altera/12.0sp2/quartus/../ip/altera/nios2_ip"
Info: Finished elaborating classic module.
Executing: C:/altera/12.0sp2/quartus//sopc_builder/bin/sopc_builder --classic --generate C:/Users/Keith/AppData/Local/Temp/alt5978_4313447016244951029.dir/0021_sopclgen/yysystem.ptf
Info: Running sopc_builder...
Qt: Untested Windows version 6.2 detected!
"c:/altera/12.0sp2/quartus/bin/jre/bin/java.exe" -Xmx512M -classpath "c:/altera/12.0sp2/quartus/sopc_builder/bin/sopc_builder.jar;c:/altera/12.0sp2/quartus/sopc_builder/bin/PinAssigner.jar;c:/altera/12.0sp2/quartus/sopc_builder/bin/sopc_wizard.jar;c:/altera/12.0sp2/quartus/sopc_builder/bin/jptf.jar" sopc_builder.sopc_builder  -d"c:/altera/12.0sp2/quartus/sopc_builder" -notalkback=1 -projectnameyysystem.qpf -projectpathC:/Users/Keith/AppData/Local/Temp/alt5978_4313447016244951029.dir/0021_sopclgen  --generate C:/Users/Keith/AppData/Local/Temp/alt5978_4313447016244951029.dir/0021_sopclgen/yysystem.v --quartus_dir="c:/altera/12.0sp2/quartus" --sopc_perl="c:/altera/12.0sp2/quartus/bin/perl" --sopc_lib_path="++c:/altera/12.0sp2/quartus/../ip/altera/sopc_builder_ip+c:/altera/12.0sp2/quartus/../ip/altera/nios2_ip"
No .sopc_builder configuration file(!)
.
# 2013.09.30 14:01:19 (*) Success: sopc_builder finished.
Info: sys_timer: "nios_system" instantiated altera_avalon_timer "sys_timer"
Info: Starting classic module elaboration.
Qt: Untested Windows version 6.2 detected!
"c:/altera/12.0sp2/quartus/bin/jre/bin/java.exe" -Xmx512M -classpath "c:/altera/12.0sp2/quartus/sopc_builder/bin/sopc_builder.jar;c:/altera/12.0sp2/quartus/sopc_builder/bin/PinAssigner.jar;c:/altera/12.0sp2/quartus/sopc_builder/bin/sopc_wizard.jar;c:/altera/12.0sp2/quartus/sopc_builder/bin/jptf.jar" sopc_builder.sopc_builder  -d"c:/altera/12.0sp2/quartus/sopc_builder" -notalkback=1 -projectnameyysystem.qpf -projectpathC:/Users/Keith/AppData/Local/Temp/alt5978_4313447016244951029.dir/0022_sopclgen  --no_splash --refresh C:/Users/Keith/AppData/Local/Temp/alt5978_4313447016244951029.dir/0022_sopclgen/yysystem.v --quartus_dir="c:/altera/12.0sp2/quartus" --sopc_perl="c:/altera/12.0sp2/quartus/bin/perl" --sopc_lib_path="++c:/altera/12.0sp2/quartus/../ip/altera/sopc_builder_ip+c:/altera/12.0sp2/quartus/../ip/altera/nios2_ip"
Info: Finished elaborating classic module.
Executing: C:/altera/12.0sp2/quartus//sopc_builder/bin/sopc_builder --classic --generate C:/Users/Keith/AppData/Local/Temp/alt5978_4313447016244951029.dir/0022_sopclgen/yysystem.ptf
Info: Running sopc_builder...
Qt: Untested Windows version 6.2 detected!
"c:/altera/12.0sp2/quartus/bin/jre/bin/java.exe" -Xmx512M -classpath "c:/altera/12.0sp2/quartus/sopc_builder/bin/sopc_builder.jar;c:/altera/12.0sp2/quartus/sopc_builder/bin/PinAssigner.jar;c:/altera/12.0sp2/quartus/sopc_builder/bin/sopc_wizard.jar;c:/altera/12.0sp2/quartus/sopc_builder/bin/jptf.jar" sopc_builder.sopc_builder  -d"c:/altera/12.0sp2/quartus/sopc_builder" -notalkback=1 -projectnameyysystem.qpf -projectpathC:/Users/Keith/AppData/Local/Temp/alt5978_4313447016244951029.dir/0022_sopclgen  --generate C:/Users/Keith/AppData/Local/Temp/alt5978_4313447016244951029.dir/0022_sopclgen/yysystem.v --quartus_dir="c:/altera/12.0sp2/quartus" --sopc_perl="c:/altera/12.0sp2/quartus/bin/perl" --sopc_lib_path="++c:/altera/12.0sp2/quartus/../ip/altera/sopc_builder_ip+c:/altera/12.0sp2/quartus/../ip/altera/nios2_ip"
No .sopc_builder configuration file(!)
.
# 2013.09.30 14:01:29 (*) Success: sopc_builder finished.
Info: timestamp_timer: "nios_system" instantiated altera_avalon_timer "timestamp_timer"
Info: nios2_processor_instruction_master_translator: "nios_system" instantiated altera_merlin_master_translator "nios2_processor_instruction_master_translator"
Info: nios2_processor_jtag_debug_module_translator: "nios_system" instantiated altera_merlin_slave_translator "nios2_processor_jtag_debug_module_translator"
Info: nios2_processor_instruction_master_translator_avalon_universal_master_0_agent: "nios_system" instantiated altera_merlin_master_agent "nios2_processor_instruction_master_translator_avalon_universal_master_0_agent"
Info: nios2_processor_jtag_debug_module_translator_avalon_universal_slave_0_agent: "nios_system" instantiated altera_merlin_slave_agent "nios2_processor_jtag_debug_module_translator_avalon_universal_slave_0_agent"
Info: nios2_processor_jtag_debug_module_translator_avalon_universal_slave_0_agent_rsp_fifo: "nios_system" instantiated altera_avalon_sc_fifo "nios2_processor_jtag_debug_module_translator_avalon_universal_slave_0_agent_rsp_fifo"
Info: addr_router: "nios_system" instantiated altera_merlin_router "addr_router"
Info: addr_router_001: "nios_system" instantiated altera_merlin_router "addr_router_001"
Info: addr_router_002: "nios_system" instantiated altera_merlin_router "addr_router_002"
Info: id_router: "nios_system" instantiated altera_merlin_router "id_router"
Info: id_router_001: "nios_system" instantiated altera_merlin_router "id_router_001"
Info: id_router_002: "nios_system" instantiated altera_merlin_router "id_router_002"
Info: id_router_003: "nios_system" instantiated altera_merlin_router "id_router_003"
Info: id_router_016: "nios_system" instantiated altera_merlin_router "id_router_016"
Info: limiter: "nios_system" instantiated altera_merlin_traffic_limiter "limiter"
Info: burst_adapter: "nios_system" instantiated altera_merlin_burst_adapter "burst_adapter"
Info: rst_controller: "nios_system" instantiated altera_reset_controller "rst_controller"
Info: cmd_xbar_demux: "nios_system" instantiated altera_merlin_demultiplexer "cmd_xbar_demux"
Info: cmd_xbar_demux_001: "nios_system" instantiated altera_merlin_demultiplexer "cmd_xbar_demux_001"
Info: cmd_xbar_demux_002: "nios_system" instantiated altera_merlin_demultiplexer "cmd_xbar_demux_002"
Info: cmd_xbar_mux: "nios_system" instantiated altera_merlin_multiplexer "cmd_xbar_mux"
Info: cmd_xbar_mux_001: "nios_system" instantiated altera_merlin_multiplexer "cmd_xbar_mux_001"
Info: Reusing file C:/Users/Keith/Dropbox/CE381HW/nios_system/synthesis/submodules/altera_merlin_arbitrator.sv
Info: rsp_xbar_demux: "nios_system" instantiated altera_merlin_demultiplexer "rsp_xbar_demux"
Info: rsp_xbar_demux_001: "nios_system" instantiated altera_merlin_demultiplexer "rsp_xbar_demux_001"
Info: rsp_xbar_demux_003: "nios_system" instantiated altera_merlin_demultiplexer "rsp_xbar_demux_003"
Info: rsp_xbar_demux_016: "nios_system" instantiated altera_merlin_demultiplexer "rsp_xbar_demux_016"
Info: rsp_xbar_mux: "nios_system" instantiated altera_merlin_multiplexer "rsp_xbar_mux"
Info: Reusing file C:/Users/Keith/Dropbox/CE381HW/nios_system/synthesis/submodules/altera_merlin_arbitrator.sv
Info: rsp_xbar_mux_001: "nios_system" instantiated altera_merlin_multiplexer "rsp_xbar_mux_001"
Info: Reusing file C:/Users/Keith/Dropbox/CE381HW/nios_system/synthesis/submodules/altera_merlin_arbitrator.sv
Info: width_adapter: "nios_system" instantiated altera_merlin_width_adapter "width_adapter"
Info: Reusing file C:/Users/Keith/Dropbox/CE381HW/nios_system/synthesis/submodules/altera_merlin_burst_uncompressor.sv
Info: crosser: "nios_system" instantiated altera_avalon_st_handshake_clock_crosser "crosser"
Info: Reusing file C:/Users/Keith/Dropbox/CE381HW/nios_system/synthesis/submodules/altera_avalon_st_pipeline_base.v
Info: irq_mapper: "nios_system" instantiated altera_irq_mapper "irq_mapper"
Info: irq_synchronizer: "nios_system" instantiated altera_irq_clock_crosser "irq_synchronizer"
Info: nios_system: Done nios_system" with 53 modules, 293 files, 5461377 bytes
Info: ip-generate succeeded.
Info: Finished: Create HDL design files for synthesis
