
**** Build of configuration Nios II for project CE381base ****

make all 
Info: Building ../CE381BASE_bsp/
make --no-print-directory -C ../CE381BASE_bsp/
[BSP build complete]
Info: Compiling wk_io.c to obj/default/wk_io.o
nios2-elf-gcc -xc -MP -MMD -c -I../CE381BASE_bsp//HAL/inc -I../CE381BASE_bsp/ -I../CE381BASE_bsp//drivers/inc  -DSYSTEM_BUS_WIDTH=32 -pipe -D__hal__ -DALT_NO_INSTRUCTION_EMULATION -DALT_SINGLE_THREADED    -O0 -g -Wall   -EL -mhw-div -mhw-mul -mno-hw-mulx  -o obj/default/wk_io.o wk_io.c
wk_io.c: In function 'initHex':
wk_io.c:15: warning: assignment makes pointer from integer without a cast
wk_io.c:16: warning: assignment makes pointer from integer without a cast
wk_io.c:17: warning: assignment makes pointer from integer without a cast
wk_io.c:18: warning: assignment makes pointer from integer without a cast
wk_io.c:19: warning: assignment makes pointer from integer without a cast
wk_io.c:20: warning: assignment makes pointer from integer without a cast
wk_io.c:21: warning: assignment makes pointer from integer without a cast
wk_io.c:22: warning: assignment makes pointer from integer without a cast
Info: Compiling wk_main.c to obj/default/wk_main.o
nios2-elf-gcc -xc -MP -MMD -c -I../CE381BASE_bsp//HAL/inc -I../CE381BASE_bsp/ -I../CE381BASE_bsp//drivers/inc  -DSYSTEM_BUS_WIDTH=32 -pipe -D__hal__ -DALT_NO_INSTRUCTION_EMULATION -DALT_SINGLE_THREADED    -O0 -g -Wall   -EL -mhw-div -mhw-mul -mno-hw-mulx  -o obj/default/wk_main.o wk_main.c
wk_main.c: In function 'main':
wk_main.c:18: warning: implicit declaration of function 'malloc'
wk_main.c:18: warning: incompatible implicit declaration of built-in function 'malloc'
wk_main.c:14: warning: unused variable 'keyval'
Info: Compiling wk_video.c to obj/default/wk_video.o
nios2-elf-gcc -xc -MP -MMD -c -I../CE381BASE_bsp//HAL/inc -I../CE381BASE_bsp/ -I../CE381BASE_bsp//drivers/inc  -DSYSTEM_BUS_WIDTH=32 -pipe -D__hal__ -DALT_NO_INSTRUCTION_EMULATION -DALT_SINGLE_THREADED    -O0 -g -Wall   -EL -mhw-div -mhw-mul -mno-hw-mulx  -o obj/default/wk_video.o wk_video.c
Info: Linking CE381base.elf
nios2-elf-g++  -T'../CE381BASE_bsp//linker.x' -msys-crt0='../CE381BASE_bsp//obj/HAL/src/crt0.o' -msys-lib=hal_bsp -L../CE381BASE_bsp/   -Wl,-Map=CE381base.map   -O0 -g -Wall   -EL -mhw-div -mhw-mul -mno-hw-mulx  -o CE381base.elf obj/default/wk_io.o obj/default/wk_lcd.o obj/default/wk_main.o obj/default/wk_video.o -lm 
nios2-elf-insert CE381base.elf --thread_model hal --cpu_name nios2_processor --qsys true --simulation_enabled false --stderr_dev jtag_uart --stdin_dev jtag_uart --stdout_dev jtag_uart --sopc_system_name nios_system --jdi D:/Dropbox/CE381HW/CE381HW.jdi --sopcinfo D:/Dropbox/CE381HW/nios_system.sopcinfo
Info: (CE381base.elf) 32 KBytes program size (code + initialized data).
Info:                 16344 KBytes free for stack + heap.
Info: Creating CE381base.objdump
nios2-elf-objdump --disassemble --syms --all-header CE381base.elf >CE381base.objdump
[CE381base build complete]
